C:\USERS\SCOTT.MAYER\DESKTOP\GAMBLEKIT 0.891(1)\GAMBLEKIT\RELEASE\GKGAMETEXT.OBJ
C:\USERS\SCOTT.MAYER\DESKTOP\GAMBLEKIT 0.891(1)\GAMBLEKIT\RELEASE\GKGAMESTREAMINGANIMATION.OBJ
C:\USERS\SCOTT.MAYER\DESKTOP\GAMBLEKIT 0.891(1)\GAMBLEKIT\RELEASE\GKGAMEREELS.OBJ
C:\USERS\SCOTT.MAYER\DESKTOP\GAMBLEKIT 0.891(1)\GAMBLEKIT\RELEASE\GKGAMEBUTTON.OBJ
C:\USERS\SCOTT.MAYER\DESKTOP\GAMBLEKIT 0.891(1)\GAMBLEKIT\RELEASE\GKGAMEANIMATION.OBJ
C:\USERS\SCOTT.MAYER\DESKTOP\GAMBLEKIT 0.891(1)\GAMBLEKIT\RELEASE\GKGAMECLICKBUTTON.OBJ
C:\USERS\SCOTT.MAYER\DESKTOP\GAMBLEKIT 0.891(1)\GAMBLEKIT\RELEASE\GKGAMECHECKBUTTON.OBJ
C:\USERS\SCOTT.MAYER\DESKTOP\GAMBLEKIT 0.891(1)\GAMBLEKIT\RELEASE\GKGAMEANIMATIONBUTTON.OBJ
C:\USERS\SCOTT.MAYER\DESKTOP\GAMBLEKIT 0.891(1)\GAMBLEKIT\RELEASE\GKGAMETEXTSINTBINDING.OBJ
C:\USERS\SCOTT.MAYER\DESKTOP\GAMBLEKIT 0.891(1)\GAMBLEKIT\RELEASE\GKGAMETEXTSFORMATINTBINDING.OBJ
C:\USERS\SCOTT.MAYER\DESKTOP\GAMBLEKIT 0.891(1)\GAMBLEKIT\RELEASE\GKGAMETEXTSFORMATBINDING.OBJ
C:\USERS\SCOTT.MAYER\DESKTOP\GAMBLEKIT 0.891(1)\GAMBLEKIT\RELEASE\GKGAMETEXTSDATETIMEBINDING.OBJ
C:\USERS\SCOTT.MAYER\DESKTOP\GAMBLEKIT 0.891(1)\GAMBLEKIT\RELEASE\GKGAMEBUTTONSSOUNDBINDING.OBJ
C:\USERS\SCOTT.MAYER\DESKTOP\GAMBLEKIT 0.891(1)\GAMBLEKIT\RELEASE\GKGAMEBUTTONSBINDING.OBJ
C:\USERS\SCOTT.MAYER\DESKTOP\GAMBLEKIT 0.891(1)\GAMBLEKIT\RELEASE\GKGAMEANIMATIONSSOUNDBINDING.OBJ
C:\USERS\SCOTT.MAYER\DESKTOP\GAMBLEKIT 0.891(1)\GAMBLEKIT\RELEASE\MAINWINDOW.OBJ
C:\USERS\SCOTT.MAYER\DESKTOP\GAMBLEKIT 0.891(1)\GAMBLEKIT\RELEASE\MAINPAGE.OBJ
C:\USERS\SCOTT.MAYER\DESKTOP\GAMBLEKIT 0.891(1)\GAMBLEKIT\RELEASE\CUSTOMGAME.OBJ
C:\USERS\SCOTT.MAYER\DESKTOP\GAMBLEKIT 0.891(1)\GAMBLEKIT\RELEASE\GKBASEREELMAP.OBJ
C:\USERS\SCOTT.MAYER\DESKTOP\GAMBLEKIT 0.891(1)\GAMBLEKIT\RELEASE\GKBASE.OBJ
C:\USERS\SCOTT.MAYER\DESKTOP\GAMBLEKIT 0.891(1)\GAMBLEKIT\RELEASE\GKOSUTILS.OBJ
C:\USERS\SCOTT.MAYER\DESKTOP\GAMBLEKIT 0.891(1)\GAMBLEKIT\RELEASE\GKOPENGLWINDOWSFORM.OBJ
C:\USERS\SCOTT.MAYER\DESKTOP\GAMBLEKIT 0.891(1)\GAMBLEKIT\RELEASE\MAIN.OBJ
C:\USERS\SCOTT.MAYER\DESKTOP\GAMBLEKIT 0.891(1)\GAMBLEKIT\RELEASE\GKTEXTURE.OBJ
C:\USERS\SCOTT.MAYER\DESKTOP\GAMBLEKIT 0.891(1)\GAMBLEKIT\RELEASE\GKIMAGE.OBJ
C:\USERS\SCOTT.MAYER\DESKTOP\GAMBLEKIT 0.891(1)\GAMBLEKIT\RELEASE\GKGRAPHICSDEVICE.OBJ
C:\USERS\SCOTT.MAYER\DESKTOP\GAMBLEKIT 0.891(1)\GAMBLEKIT\RELEASE\GKANIMATEDTEXTURE.OBJ
C:\USERS\SCOTT.MAYER\DESKTOP\GAMBLEKIT 0.891(1)\GAMBLEKIT\RELEASE\GKANIMATEDFONT.OBJ
C:\USERS\SCOTT.MAYER\DESKTOP\GAMBLEKIT 0.891(1)\GAMBLEKIT\RELEASE\GKGAMEREELSTRIPMODEL.OBJ
C:\USERS\SCOTT.MAYER\DESKTOP\GAMBLEKIT 0.891(1)\GAMBLEKIT\RELEASE\GKGAMEREELRANDOMMODEL.OBJ
C:\USERS\SCOTT.MAYER\DESKTOP\GAMBLEKIT 0.891(1)\GAMBLEKIT\RELEASE\GKGAMEWINNINGSMODEL.OBJ
C:\USERS\SCOTT.MAYER\DESKTOP\GAMBLEKIT 0.891(1)\GAMBLEKIT\RELEASE\GKGAMEWINNINGSANALYZER.OBJ
C:\USERS\SCOTT.MAYER\DESKTOP\GAMBLEKIT 0.891(1)\GAMBLEKIT\RELEASE\GKGAMEWINNINGPOTENTIALSANALYZER.OBJ
C:\USERS\SCOTT.MAYER\DESKTOP\GAMBLEKIT 0.891(1)\GAMBLEKIT\RELEASE\GKGAMEWINNINGCOUNTER.OBJ
C:\USERS\SCOTT.MAYER\DESKTOP\GAMBLEKIT 0.891(1)\GAMBLEKIT\RELEASE\GKGAMETIMER.OBJ
C:\USERS\SCOTT.MAYER\DESKTOP\GAMBLEKIT 0.891(1)\GAMBLEKIT\RELEASE\GKGAMEREELSCOMBINATIONGENERATOR.OBJ
C:\USERS\SCOTT.MAYER\DESKTOP\GAMBLEKIT 0.891(1)\GAMBLEKIT\RELEASE\GKGAMEREELMODEL.OBJ
C:\USERS\SCOTT.MAYER\DESKTOP\GAMBLEKIT 0.891(1)\GAMBLEKIT\RELEASE\GKGAMEPAGE.OBJ
C:\USERS\SCOTT.MAYER\DESKTOP\GAMBLEKIT 0.891(1)\GAMBLEKIT\RELEASE\GKGAMEENTITY.OBJ
C:\USERS\SCOTT.MAYER\DESKTOP\GAMBLEKIT 0.891(1)\GAMBLEKIT\RELEASE\GKGAME.OBJ
C:\USERS\SCOTT.MAYER\DESKTOP\GAMBLEKIT 0.891(1)\GAMBLEKIT\RELEASE\GKSTRINGS.OBJ
C:\USERS\SCOTT.MAYER\DESKTOP\GAMBLEKIT 0.891(1)\GAMBLEKIT\RELEASE\GKMATHS.OBJ
C:\USERS\SCOTT.MAYER\DESKTOP\GAMBLEKIT 0.891(1)\GAMBLEKIT\RELEASE\GKSOUNDSOURCE.OBJ
C:\USERS\SCOTT.MAYER\DESKTOP\GAMBLEKIT 0.891(1)\GAMBLEKIT\RELEASE\GKSOUNDDEVICE.OBJ
C:\USERS\SCOTT.MAYER\DESKTOP\GAMBLEKIT 0.891(1)\GAMBLEKIT\RELEASE\GKWINDOWSTHREAD.OBJ
C:\USERS\SCOTT.MAYER\DESKTOP\GAMBLEKIT 0.891(1)\GAMBLEKIT\RELEASE\GKWINDOWSMUTEX.OBJ
C:\USERS\SCOTT.MAYER\DESKTOP\GAMBLEKIT 0.891(1)\GAMBLEKIT\RELEASE\GKWINDOWSFORM.OBJ
C:\USERS\SCOTT.MAYER\DESKTOP\GAMBLEKIT 0.891(1)\GAMBLEKIT\RELEASE\GKFILESYSTEM.OBJ
C:\USERS\SCOTT.MAYER\DESKTOP\GAMBLEKIT 0.891(1)\GAMBLEKIT\RELEASE\VC110.PDB
C:\USERS\SCOTT.MAYER\DESKTOP\GAMBLEKIT 0.891(1)\RELEASE\GAMBLEKIT.EXE
C:\USERS\SCOTT.MAYER\DESKTOP\GAMBLEKIT 0.891(1)\RELEASE\GAMBLEKIT.PDB
C:\Users\scott.mayer\Desktop\GambleKit 0.891(1)\GambleKit\Release\CustomGame.obj
C:\Users\scott.mayer\Desktop\GambleKit 0.891(1)\GambleKit\Release\GkAnimatedFont.obj
C:\Users\scott.mayer\Desktop\GambleKit 0.891(1)\GambleKit\Release\GkAnimatedTexture.obj
C:\Users\scott.mayer\Desktop\GambleKit 0.891(1)\GambleKit\Release\GkBase.obj
C:\Users\scott.mayer\Desktop\GambleKit 0.891(1)\GambleKit\Release\GkBaseReelMap.obj
C:\Users\scott.mayer\Desktop\GambleKit 0.891(1)\GambleKit\Release\GkFileSystem.obj
C:\Users\scott.mayer\Desktop\GambleKit 0.891(1)\GambleKit\Release\GkGame.obj
C:\Users\scott.mayer\Desktop\GambleKit 0.891(1)\GambleKit\Release\GkGameAnimation.obj
C:\Users\scott.mayer\Desktop\GambleKit 0.891(1)\GambleKit\Release\GkGameAnimationButton.obj
C:\Users\scott.mayer\Desktop\GambleKit 0.891(1)\GambleKit\Release\GkGameAnimationsSoundBinding.obj
C:\Users\scott.mayer\Desktop\GambleKit 0.891(1)\GambleKit\Release\GkGameButton.obj
C:\Users\scott.mayer\Desktop\GambleKit 0.891(1)\GambleKit\Release\GkGameButtonsBinding.obj
C:\Users\scott.mayer\Desktop\GambleKit 0.891(1)\GambleKit\Release\GkGameButtonsSoundBinding.obj
C:\Users\scott.mayer\Desktop\GambleKit 0.891(1)\GambleKit\Release\GkGameCheckButton.obj
C:\Users\scott.mayer\Desktop\GambleKit 0.891(1)\GambleKit\Release\GkGameClickButton.obj
C:\Users\scott.mayer\Desktop\GambleKit 0.891(1)\GambleKit\Release\GkGameEntity.obj
C:\Users\scott.mayer\Desktop\GambleKit 0.891(1)\GambleKit\Release\GkGamePage.obj
C:\Users\scott.mayer\Desktop\GambleKit 0.891(1)\GambleKit\Release\GkGameReelModel.obj
C:\Users\scott.mayer\Desktop\GambleKit 0.891(1)\GambleKit\Release\GkGameReelRandomModel.obj
C:\Users\scott.mayer\Desktop\GambleKit 0.891(1)\GambleKit\Release\GkGameReels.obj
C:\Users\scott.mayer\Desktop\GambleKit 0.891(1)\GambleKit\Release\GkGameReelsCombinationGenerator.obj
C:\Users\scott.mayer\Desktop\GambleKit 0.891(1)\GambleKit\Release\GkGameReelStripModel.obj
C:\Users\scott.mayer\Desktop\GambleKit 0.891(1)\GambleKit\Release\GkGameStreamingAnimation.obj
C:\Users\scott.mayer\Desktop\GambleKit 0.891(1)\GambleKit\Release\GkGameText.obj
C:\Users\scott.mayer\Desktop\GambleKit 0.891(1)\GambleKit\Release\GkGameTextsDateTimeBinding.obj
C:\Users\scott.mayer\Desktop\GambleKit 0.891(1)\GambleKit\Release\GkGameTextsFormatBinding.obj
C:\Users\scott.mayer\Desktop\GambleKit 0.891(1)\GambleKit\Release\GkGameTextsFormatIntBinding.obj
C:\Users\scott.mayer\Desktop\GambleKit 0.891(1)\GambleKit\Release\GkGameTextsIntBinding.obj
C:\Users\scott.mayer\Desktop\GambleKit 0.891(1)\GambleKit\Release\GkGameTimer.obj
C:\Users\scott.mayer\Desktop\GambleKit 0.891(1)\GambleKit\Release\GkGameWinningCounter.obj
C:\Users\scott.mayer\Desktop\GambleKit 0.891(1)\GambleKit\Release\GkGameWinningPotentialsAnalyzer.obj
C:\Users\scott.mayer\Desktop\GambleKit 0.891(1)\GambleKit\Release\GkGameWinningsAnalyzer.obj
C:\Users\scott.mayer\Desktop\GambleKit 0.891(1)\GambleKit\Release\GkGameWinningsModel.obj
C:\Users\scott.mayer\Desktop\GambleKit 0.891(1)\GambleKit\Release\GkGraphicsDevice.obj
C:\Users\scott.mayer\Desktop\GambleKit 0.891(1)\GambleKit\Release\GkImage.obj
C:\Users\scott.mayer\Desktop\GambleKit 0.891(1)\GambleKit\Release\GkMaths.obj
C:\Users\scott.mayer\Desktop\GambleKit 0.891(1)\GambleKit\Release\GkOpenGLWindowsForm.obj
C:\Users\scott.mayer\Desktop\GambleKit 0.891(1)\GambleKit\Release\GkOSUtils.obj
C:\Users\scott.mayer\Desktop\GambleKit 0.891(1)\GambleKit\Release\GkSoundDevice.obj
C:\Users\scott.mayer\Desktop\GambleKit 0.891(1)\GambleKit\Release\GkSoundSource.obj
C:\Users\scott.mayer\Desktop\GambleKit 0.891(1)\GambleKit\Release\GkStrings.obj
C:\Users\scott.mayer\Desktop\GambleKit 0.891(1)\GambleKit\Release\GkTexture.obj
C:\Users\scott.mayer\Desktop\GambleKit 0.891(1)\GambleKit\Release\GkWindowsForm.obj
C:\Users\scott.mayer\Desktop\GambleKit 0.891(1)\GambleKit\Release\GkWindowsMutex.obj
C:\Users\scott.mayer\Desktop\GambleKit 0.891(1)\GambleKit\Release\GkWindowsThread.obj
C:\Users\scott.mayer\Desktop\GambleKit 0.891(1)\GambleKit\Release\main.obj
C:\Users\scott.mayer\Desktop\GambleKit 0.891(1)\GambleKit\Release\MainPage.obj
C:\Users\scott.mayer\Desktop\GambleKit 0.891(1)\GambleKit\Release\MainWindow.obj
C:\Users\scott.mayer\Desktop\GambleKit 0.891(1)\GambleKit\Release\cl.command.1.tlog
C:\Users\scott.mayer\Desktop\GambleKit 0.891(1)\GambleKit\Release\CL.read.1.tlog
C:\Users\scott.mayer\Desktop\GambleKit 0.891(1)\GambleKit\Release\CL.write.1.tlog
C:\Users\scott.mayer\Desktop\GambleKit 0.891(1)\GambleKit\Release\link-cvtres.read.1.tlog
C:\Users\scott.mayer\Desktop\GambleKit 0.891(1)\GambleKit\Release\link-cvtres.write.1.tlog
C:\Users\scott.mayer\Desktop\GambleKit 0.891(1)\GambleKit\Release\link-rc.read.1.tlog
C:\Users\scott.mayer\Desktop\GambleKit 0.891(1)\GambleKit\Release\link-rc.write.1.tlog
C:\Users\scott.mayer\Desktop\GambleKit 0.891(1)\GambleKit\Release\link.command.1.tlog
C:\Users\scott.mayer\Desktop\GambleKit 0.891(1)\GambleKit\Release\link.read.1.tlog
C:\Users\scott.mayer\Desktop\GambleKit 0.891(1)\GambleKit\Release\link.write.1.tlog
C:\Users\scott.mayer\Desktop\GambleKit 0.891(1)\GambleKit\Release\vc110.pdb
C:\Users\scott.mayer\Desktop\GambleKit 0.891(1)\Release\GambleKit.pdb
C:\Users\scott.mayer\Desktop\GambleKit 0.891(1)\Release\GambleKit.exe
