C:\USERS\SCOTT.MAYER\DESKTOP\GAMBLEKIT 0.891(1)\GAMBLEKIT\DEBUG\GKGAMEWINNINGSANALYZER.OBJ
C:\USERS\SCOTT.MAYER\DESKTOP\GAMBLEKIT 0.891(1)\GAMBLEKIT\DEBUG\GKGAMEWINNINGSMODEL.OBJ
C:\USERS\SCOTT.MAYER\DESKTOP\GAMBLEKIT 0.891(1)\GAMBLEKIT\DEBUG\GKGAMEREELRANDOMMODEL.OBJ
C:\USERS\SCOTT.MAYER\DESKTOP\GAMBLEKIT 0.891(1)\GAMBLEKIT\DEBUG\GKGAMEREELSTRIPMODEL.OBJ
C:\USERS\SCOTT.MAYER\DESKTOP\GAMBLEKIT 0.891(1)\GAMBLEKIT\DEBUG\GKANIMATEDFONT.OBJ
C:\USERS\SCOTT.MAYER\DESKTOP\GAMBLEKIT 0.891(1)\GAMBLEKIT\DEBUG\GKANIMATEDTEXTURE.OBJ
C:\USERS\SCOTT.MAYER\DESKTOP\GAMBLEKIT 0.891(1)\GAMBLEKIT\DEBUG\GKGRAPHICSDEVICE.OBJ
C:\USERS\SCOTT.MAYER\DESKTOP\GAMBLEKIT 0.891(1)\GAMBLEKIT\DEBUG\GKIMAGE.OBJ
C:\USERS\SCOTT.MAYER\DESKTOP\GAMBLEKIT 0.891(1)\GAMBLEKIT\DEBUG\GKTEXTURE.OBJ
C:\USERS\SCOTT.MAYER\DESKTOP\GAMBLEKIT 0.891(1)\GAMBLEKIT\DEBUG\MAIN.OBJ
C:\USERS\SCOTT.MAYER\DESKTOP\GAMBLEKIT 0.891(1)\GAMBLEKIT\DEBUG\GKOPENGLWINDOWSFORM.OBJ
C:\USERS\SCOTT.MAYER\DESKTOP\GAMBLEKIT 0.891(1)\GAMBLEKIT\DEBUG\GKOSUTILS.OBJ
C:\USERS\SCOTT.MAYER\DESKTOP\GAMBLEKIT 0.891(1)\GAMBLEKIT\DEBUG\GKFILESYSTEM.OBJ
C:\USERS\SCOTT.MAYER\DESKTOP\GAMBLEKIT 0.891(1)\GAMBLEKIT\DEBUG\GKWINDOWSFORM.OBJ
C:\USERS\SCOTT.MAYER\DESKTOP\GAMBLEKIT 0.891(1)\GAMBLEKIT\DEBUG\GKWINDOWSMUTEX.OBJ
C:\USERS\SCOTT.MAYER\DESKTOP\GAMBLEKIT 0.891(1)\GAMBLEKIT\DEBUG\GKWINDOWSTHREAD.OBJ
C:\USERS\SCOTT.MAYER\DESKTOP\GAMBLEKIT 0.891(1)\GAMBLEKIT\DEBUG\GKSOUNDDEVICE.OBJ
C:\USERS\SCOTT.MAYER\DESKTOP\GAMBLEKIT 0.891(1)\GAMBLEKIT\DEBUG\GKSOUNDSOURCE.OBJ
C:\USERS\SCOTT.MAYER\DESKTOP\GAMBLEKIT 0.891(1)\GAMBLEKIT\DEBUG\GKMATHS.OBJ
C:\USERS\SCOTT.MAYER\DESKTOP\GAMBLEKIT 0.891(1)\GAMBLEKIT\DEBUG\GKSTRINGS.OBJ
C:\USERS\SCOTT.MAYER\DESKTOP\GAMBLEKIT 0.891(1)\GAMBLEKIT\DEBUG\GKGAMETEXTSDATETIMEBINDING.OBJ
C:\USERS\SCOTT.MAYER\DESKTOP\GAMBLEKIT 0.891(1)\GAMBLEKIT\DEBUG\GKGAMETEXTSFORMATBINDING.OBJ
C:\USERS\SCOTT.MAYER\DESKTOP\GAMBLEKIT 0.891(1)\GAMBLEKIT\DEBUG\GKGAMETEXTSFORMATINTBINDING.OBJ
C:\USERS\SCOTT.MAYER\DESKTOP\GAMBLEKIT 0.891(1)\GAMBLEKIT\DEBUG\GKGAMETEXTSINTBINDING.OBJ
C:\USERS\SCOTT.MAYER\DESKTOP\GAMBLEKIT 0.891(1)\GAMBLEKIT\DEBUG\GKGAMEANIMATIONBUTTON.OBJ
C:\USERS\SCOTT.MAYER\DESKTOP\GAMBLEKIT 0.891(1)\GAMBLEKIT\DEBUG\GKGAMECHECKBUTTON.OBJ
C:\USERS\SCOTT.MAYER\DESKTOP\GAMBLEKIT 0.891(1)\GAMBLEKIT\DEBUG\GKGAMECLICKBUTTON.OBJ
C:\USERS\SCOTT.MAYER\DESKTOP\GAMBLEKIT 0.891(1)\GAMBLEKIT\DEBUG\GKGAMEANIMATION.OBJ
C:\USERS\SCOTT.MAYER\DESKTOP\GAMBLEKIT 0.891(1)\GAMBLEKIT\DEBUG\GKGAMEBUTTON.OBJ
C:\USERS\SCOTT.MAYER\DESKTOP\GAMBLEKIT 0.891(1)\GAMBLEKIT\DEBUG\GKGAMEREELS.OBJ
C:\USERS\SCOTT.MAYER\DESKTOP\GAMBLEKIT 0.891(1)\GAMBLEKIT\DEBUG\GKGAMESTREAMINGANIMATION.OBJ
C:\USERS\SCOTT.MAYER\DESKTOP\GAMBLEKIT 0.891(1)\GAMBLEKIT\DEBUG\GKGAMETEXT.OBJ
C:\USERS\SCOTT.MAYER\DESKTOP\GAMBLEKIT 0.891(1)\GAMBLEKIT\DEBUG\GKGAME.OBJ
C:\USERS\SCOTT.MAYER\DESKTOP\GAMBLEKIT 0.891(1)\GAMBLEKIT\DEBUG\GKGAMEENTITY.OBJ
C:\USERS\SCOTT.MAYER\DESKTOP\GAMBLEKIT 0.891(1)\GAMBLEKIT\DEBUG\GKGAMEPAGE.OBJ
C:\USERS\SCOTT.MAYER\DESKTOP\GAMBLEKIT 0.891(1)\GAMBLEKIT\DEBUG\GKGAMEREELMODEL.OBJ
C:\USERS\SCOTT.MAYER\DESKTOP\GAMBLEKIT 0.891(1)\GAMBLEKIT\DEBUG\GKGAMEREELSCOMBINATIONGENERATOR.OBJ
C:\USERS\SCOTT.MAYER\DESKTOP\GAMBLEKIT 0.891(1)\GAMBLEKIT\DEBUG\GKGAMETIMER.OBJ
C:\USERS\SCOTT.MAYER\DESKTOP\GAMBLEKIT 0.891(1)\GAMBLEKIT\DEBUG\GKGAMEWINNINGCOUNTER.OBJ
C:\USERS\SCOTT.MAYER\DESKTOP\GAMBLEKIT 0.891(1)\GAMBLEKIT\DEBUG\GKGAMEWINNINGPOTENTIALSANALYZER.OBJ
C:\USERS\SCOTT.MAYER\DESKTOP\GAMBLEKIT 0.891(1)\GAMBLEKIT\DEBUG\GKBASE.OBJ
C:\USERS\SCOTT.MAYER\DESKTOP\GAMBLEKIT 0.891(1)\GAMBLEKIT\DEBUG\GKBASEREELMAP.OBJ
C:\USERS\SCOTT.MAYER\DESKTOP\GAMBLEKIT 0.891(1)\GAMBLEKIT\DEBUG\CUSTOMGAME.OBJ
C:\USERS\SCOTT.MAYER\DESKTOP\GAMBLEKIT 0.891(1)\GAMBLEKIT\DEBUG\MAINPAGE.OBJ
C:\USERS\SCOTT.MAYER\DESKTOP\GAMBLEKIT 0.891(1)\GAMBLEKIT\DEBUG\MAINWINDOW.OBJ
C:\USERS\SCOTT.MAYER\DESKTOP\GAMBLEKIT 0.891(1)\GAMBLEKIT\DEBUG\GKGAMEANIMATIONSSOUNDBINDING.OBJ
C:\USERS\SCOTT.MAYER\DESKTOP\GAMBLEKIT 0.891(1)\GAMBLEKIT\DEBUG\GKGAMEBUTTONSBINDING.OBJ
C:\USERS\SCOTT.MAYER\DESKTOP\GAMBLEKIT 0.891(1)\GAMBLEKIT\DEBUG\GKGAMEBUTTONSSOUNDBINDING.OBJ
C:\USERS\SCOTT.MAYER\DESKTOP\GAMBLEKIT 0.891(1)\GAMBLEKIT\DEBUG\VC110.PDB
C:\USERS\SCOTT.MAYER\DESKTOP\GAMBLEKIT 0.891(1)\DEBUG\GAMBLEKIT.ILK
C:\USERS\SCOTT.MAYER\DESKTOP\GAMBLEKIT 0.891(1)\DEBUG\GAMBLEKIT.EXE
C:\USERS\SCOTT.MAYER\DESKTOP\GAMBLEKIT 0.891(1)\DEBUG\GAMBLEKIT.PDB
F:\GambleKit 0.891(1)\GambleKit\Debug\CustomGame.obj
F:\GambleKit 0.891(1)\GambleKit\Debug\GkAnimatedFont.obj
F:\GambleKit 0.891(1)\GambleKit\Debug\GkAnimatedTexture.obj
F:\GambleKit 0.891(1)\GambleKit\Debug\GkBase.obj
F:\GambleKit 0.891(1)\GambleKit\Debug\GkBaseReelMap.obj
F:\GambleKit 0.891(1)\GambleKit\Debug\GkFileSystem.obj
F:\GambleKit 0.891(1)\GambleKit\Debug\GkGame.obj
F:\GambleKit 0.891(1)\GambleKit\Debug\GkGameAnimation.obj
F:\GambleKit 0.891(1)\GambleKit\Debug\GkGameAnimationButton.obj
F:\GambleKit 0.891(1)\GambleKit\Debug\GkGameAnimationsSoundBinding.obj
F:\GambleKit 0.891(1)\GambleKit\Debug\GkGameButton.obj
F:\GambleKit 0.891(1)\GambleKit\Debug\GkGameButtonsBinding.obj
F:\GambleKit 0.891(1)\GambleKit\Debug\GkGameButtonsSoundBinding.obj
F:\GambleKit 0.891(1)\GambleKit\Debug\GkGameCheckButton.obj
F:\GambleKit 0.891(1)\GambleKit\Debug\GkGameClickButton.obj
F:\GambleKit 0.891(1)\GambleKit\Debug\GkGameEntity.obj
F:\GambleKit 0.891(1)\GambleKit\Debug\GkGamePage.obj
F:\GambleKit 0.891(1)\GambleKit\Debug\GkGameReelModel.obj
F:\GambleKit 0.891(1)\GambleKit\Debug\GkGameReelRandomModel.obj
F:\GambleKit 0.891(1)\GambleKit\Debug\GkGameReels.obj
F:\GambleKit 0.891(1)\GambleKit\Debug\GkGameReelsCombinationGenerator.obj
F:\GambleKit 0.891(1)\GambleKit\Debug\GkGameReelStripModel.obj
F:\GambleKit 0.891(1)\GambleKit\Debug\GkGameStreamingAnimation.obj
F:\GambleKit 0.891(1)\GambleKit\Debug\GkGameText.obj
F:\GambleKit 0.891(1)\GambleKit\Debug\GkGameTextsDateTimeBinding.obj
F:\GambleKit 0.891(1)\GambleKit\Debug\GkGameTextsFormatBinding.obj
F:\GambleKit 0.891(1)\GambleKit\Debug\GkGameTextsFormatIntBinding.obj
F:\GambleKit 0.891(1)\GambleKit\Debug\GkGameTextsIntBinding.obj
F:\GambleKit 0.891(1)\GambleKit\Debug\GkGameTimer.obj
F:\GambleKit 0.891(1)\GambleKit\Debug\GkGameWinningCounter.obj
F:\GambleKit 0.891(1)\GambleKit\Debug\GkGameWinningPotentialsAnalyzer.obj
F:\GambleKit 0.891(1)\GambleKit\Debug\GkGameWinningsAnalyzer.obj
F:\GambleKit 0.891(1)\GambleKit\Debug\GkGameWinningsModel.obj
F:\GambleKit 0.891(1)\GambleKit\Debug\GkGraphicsDevice.obj
F:\GambleKit 0.891(1)\GambleKit\Debug\GkImage.obj
F:\GambleKit 0.891(1)\GambleKit\Debug\GkMaths.obj
F:\GambleKit 0.891(1)\GambleKit\Debug\GkOpenGLWindowsForm.obj
F:\GambleKit 0.891(1)\GambleKit\Debug\GkOSUtils.obj
F:\GambleKit 0.891(1)\GambleKit\Debug\GkSoundDevice.obj
F:\GambleKit 0.891(1)\GambleKit\Debug\GkSoundSource.obj
F:\GambleKit 0.891(1)\GambleKit\Debug\GkStrings.obj
F:\GambleKit 0.891(1)\GambleKit\Debug\GkTexture.obj
F:\GambleKit 0.891(1)\GambleKit\Debug\GkWindowsForm.obj
F:\GambleKit 0.891(1)\GambleKit\Debug\GkWindowsMutex.obj
F:\GambleKit 0.891(1)\GambleKit\Debug\GkWindowsThread.obj
F:\GambleKit 0.891(1)\GambleKit\Debug\main.obj
F:\GambleKit 0.891(1)\GambleKit\Debug\MainPage.obj
F:\GambleKit 0.891(1)\GambleKit\Debug\MainWindow.obj
F:\GambleKit 0.891(1)\GambleKit\Debug\cl.command.1.tlog
F:\GambleKit 0.891(1)\GambleKit\Debug\CL.read.1.tlog
F:\GambleKit 0.891(1)\GambleKit\Debug\CL.write.1.tlog
F:\GambleKit 0.891(1)\GambleKit\Debug\link-cvtres.read.1.tlog
F:\GambleKit 0.891(1)\GambleKit\Debug\link-cvtres.write.1.tlog
F:\GambleKit 0.891(1)\GambleKit\Debug\link-rc.read.1.tlog
F:\GambleKit 0.891(1)\GambleKit\Debug\link-rc.write.1.tlog
F:\GambleKit 0.891(1)\GambleKit\Debug\link.command.1.tlog
F:\GambleKit 0.891(1)\GambleKit\Debug\link.read.1.tlog
F:\GambleKit 0.891(1)\GambleKit\Debug\link.write.1.tlog
F:\GambleKit 0.891(1)\GambleKit\Debug\vc110.idb
F:\GambleKit 0.891(1)\GambleKit\Debug\vc110.pdb
F:\GambleKit 0.891(1)\Debug\GambleKit.pdb
F:\GambleKit 0.891(1)\Debug\GambleKit.exe
F:\GambleKit 0.891(1)\Debug\GambleKit.ilk
